<?xml version="1.0" encoding="UTF-8"?>
<testng-results ignored="0" total="2" passed="2" failed="0" skipped="0">
  <reporter-output>
  </reporter-output>
  <suite started-at="2024-08-08T15:24:59 PDT" name="Surefire suite" finished-at="2024-08-08T15:25:07 PDT" duration-ms="8224">
    <groups>
    </groups>
    <test started-at="2024-08-08T15:24:59 PDT" name="Surefire test" finished-at="2024-08-08T15:25:07 PDT" duration-ms="8224">
      <class name="com.GoogleFinance.tests.GoogleFinanceTest">
        <test-method is-config="true" signature="setUp()[pri:0, instance:com.GoogleFinance.tests.GoogleFinanceTest@105fece7]" started-at="2024-08-08T15:24:59 PDT" name="setUp" finished-at="2024-08-08T15:25:07 PDT" duration-ms="7964" status="PASS">
          <reporter-output>
          </reporter-output>
        </test-method> <!-- setUp -->
        <test-method signature="validatePageTitle()[pri:0, instance:com.GoogleFinance.tests.GoogleFinanceTest@105fece7]" started-at="2024-08-08T15:25:07 PDT" name="validatePageTitle" finished-at="2024-08-08T15:25:07 PDT" duration-ms="12" status="PASS">
          <reporter-output>
          </reporter-output>
        </test-method> <!-- validatePageTitle -->
        <test-method signature="validateStockSymbols()[pri:0, instance:com.GoogleFinance.tests.GoogleFinanceTest@105fece7]" started-at="2024-08-08T15:25:07 PDT" name="validateStockSymbols" finished-at="2024-08-08T15:25:07 PDT" duration-ms="0" status="PASS">
          <reporter-output>
          </reporter-output>
        </test-method> <!-- validateStockSymbols -->
        <test-method is-config="true" signature="tearDown()[pri:0, instance:com.GoogleFinance.tests.GoogleFinanceTest@105fece7]" started-at="2024-08-08T15:25:07 PDT" name="tearDown" finished-at="2024-08-08T15:25:07 PDT" duration-ms="209" status="PASS">
          <reporter-output>
          </reporter-output>
        </test-method> <!-- tearDown -->
      </class> <!-- com.GoogleFinance.tests.GoogleFinanceTest -->
    </test> <!-- Surefire test -->
  </suite> <!-- Surefire suite -->
</testng-results>
