<?xml version="1.0" encoding="UTF-8"?>
<!-- Generated by org.testng.reporters.JUnitXMLReporter -->
<testsuite ignored="0" hostname="Pedas-MacBook-Air.local" failures="0" tests="2" name="Surefire test" time="8.224" errors="0" timestamp="2024-08-08T15:25:07 PDT">
  <testcase classname="com.GoogleFinance.tests.GoogleFinanceTest" name="validatePageTitle" time="0.012"/>
  <testcase classname="com.GoogleFinance.tests.GoogleFinanceTest" name="validateStockSymbols" time="0.0"/>
</testsuite> <!-- Surefire test -->
